Analysis & Synthesis report for uart_interface
Sun Apr 07 19:32:26 2024
Quartus II 64-Bit Version 13.0.1 Build 232 06/12/2013 Service Pack 1 SJ Web Edition


---------------------
; Table of Contents ;
---------------------
  1. Legal Notice
  2. Analysis & Synthesis Summary
  3. Analysis & Synthesis Settings
  4. Parallel Compilation
  5. Analysis & Synthesis Source Files Read
  6. Analysis & Synthesis Resource Usage Summary
  7. Analysis & Synthesis Resource Utilization by Entity
  8. State Machine - |uart_tx_testing|uart_tx:tx|state
  9. Registers Removed During Synthesis
 10. Removed Registers Triggering Further Register Optimizations
 11. General Register Statistics
 12. Parameter Settings for User Entity Instance: Top-level Entity: |uart_tx_testing
 13. Parameter Settings for User Entity Instance: uart_tx:tx
 14. Port Connectivity Checks: "uart_tx:tx"
 15. Elapsed Time Per Partition
 16. Analysis & Synthesis Messages



----------------
; Legal Notice ;
----------------
Copyright (C) 1991-2013 Altera Corporation
Your use of Altera Corporation's design tools, logic functions 
and other software and tools, and its AMPP partner logic 
functions, and any output files from any of the foregoing 
(including device programming or simulation files), and any 
associated documentation or information are expressly subject 
to the terms and conditions of the Altera Program License 
Subscription Agreement, Altera MegaCore Function License 
Agreement, or other applicable license agreement, including, 
without limitation, that your use is for the sole purpose of 
programming logic devices manufactured by Altera and sold by 
Altera or its authorized distributors.  Please refer to the 
applicable agreement for further details.



+--------------------------------------------------------------------------------------+
; Analysis & Synthesis Summary                                                         ;
+------------------------------------+-------------------------------------------------+
; Analysis & Synthesis Status        ; Successful - Sun Apr 07 19:32:26 2024           ;
; Quartus II 64-Bit Version          ; 13.0.1 Build 232 06/12/2013 SP 1 SJ Web Edition ;
; Revision Name                      ; uart_interface                                  ;
; Top-level Entity Name              ; uart_tx_testing                                 ;
; Family                             ; Cyclone II                                      ;
; Total logic elements               ; 0                                               ;
;     Total combinational functions  ; 0                                               ;
;     Dedicated logic registers      ; 0                                               ;
; Total registers                    ; 0                                               ;
; Total pins                         ; 5                                               ;
; Total virtual pins                 ; 0                                               ;
; Total memory bits                  ; 0                                               ;
; Embedded Multiplier 9-bit elements ; 0                                               ;
; Total PLLs                         ; 0                                               ;
+------------------------------------+-------------------------------------------------+


+----------------------------------------------------------------------------------------------------------------------+
; Analysis & Synthesis Settings                                                                                        ;
+----------------------------------------------------------------------------+--------------------+--------------------+
; Option                                                                     ; Setting            ; Default Value      ;
+----------------------------------------------------------------------------+--------------------+--------------------+
; Device                                                                     ; EP2C35F672C6       ;                    ;
; Top-level entity name                                                      ; uart_tx_testing    ; uart_interface     ;
; Family name                                                                ; Cyclone II         ; Cyclone IV GX      ;
; Use smart compilation                                                      ; Off                ; Off                ;
; Enable parallel Assembler and TimeQuest Timing Analyzer during compilation ; On                 ; On                 ;
; Enable compact report table                                                ; Off                ; Off                ;
; Restructure Multiplexers                                                   ; Auto               ; Auto               ;
; Create Debugging Nodes for IP Cores                                        ; Off                ; Off                ;
; Preserve fewer node names                                                  ; On                 ; On                 ;
; Disable OpenCore Plus hardware evaluation                                  ; Off                ; Off                ;
; Verilog Version                                                            ; Verilog_2001       ; Verilog_2001       ;
; VHDL Version                                                               ; VHDL_1993          ; VHDL_1993          ;
; State Machine Processing                                                   ; Auto               ; Auto               ;
; Safe State Machine                                                         ; Off                ; Off                ;
; Extract Verilog State Machines                                             ; On                 ; On                 ;
; Extract VHDL State Machines                                                ; On                 ; On                 ;
; Ignore Verilog initial constructs                                          ; Off                ; Off                ;
; Iteration limit for constant Verilog loops                                 ; 5000               ; 5000               ;
; Iteration limit for non-constant Verilog loops                             ; 250                ; 250                ;
; Add Pass-Through Logic to Inferred RAMs                                    ; On                 ; On                 ;
; Infer RAMs from Raw Logic                                                  ; On                 ; On                 ;
; Parallel Synthesis                                                         ; On                 ; On                 ;
; DSP Block Balancing                                                        ; Auto               ; Auto               ;
; NOT Gate Push-Back                                                         ; On                 ; On                 ;
; Power-Up Don't Care                                                        ; On                 ; On                 ;
; Remove Redundant Logic Cells                                               ; Off                ; Off                ;
; Remove Duplicate Registers                                                 ; On                 ; On                 ;
; Ignore CARRY Buffers                                                       ; Off                ; Off                ;
; Ignore CASCADE Buffers                                                     ; Off                ; Off                ;
; Ignore GLOBAL Buffers                                                      ; Off                ; Off                ;
; Ignore ROW GLOBAL Buffers                                                  ; Off                ; Off                ;
; Ignore LCELL Buffers                                                       ; Off                ; Off                ;
; Ignore SOFT Buffers                                                        ; On                 ; On                 ;
; Limit AHDL Integers to 32 Bits                                             ; Off                ; Off                ;
; Optimization Technique                                                     ; Balanced           ; Balanced           ;
; Carry Chain Length                                                         ; 70                 ; 70                 ;
; Auto Carry Chains                                                          ; On                 ; On                 ;
; Auto Open-Drain Pins                                                       ; On                 ; On                 ;
; Perform WYSIWYG Primitive Resynthesis                                      ; Off                ; Off                ;
; Auto ROM Replacement                                                       ; On                 ; On                 ;
; Auto RAM Replacement                                                       ; On                 ; On                 ;
; Auto Shift Register Replacement                                            ; Auto               ; Auto               ;
; Allow Shift Register Merging across Hierarchies                            ; Auto               ; Auto               ;
; Auto Clock Enable Replacement                                              ; On                 ; On                 ;
; Strict RAM Replacement                                                     ; Off                ; Off                ;
; Allow Synchronous Control Signals                                          ; On                 ; On                 ;
; Force Use of Synchronous Clear Signals                                     ; Off                ; Off                ;
; Auto RAM to Logic Cell Conversion                                          ; Off                ; Off                ;
; Auto Resource Sharing                                                      ; Off                ; Off                ;
; Allow Any RAM Size For Recognition                                         ; Off                ; Off                ;
; Allow Any ROM Size For Recognition                                         ; Off                ; Off                ;
; Allow Any Shift Register Size For Recognition                              ; Off                ; Off                ;
; Use LogicLock Constraints during Resource Balancing                        ; On                 ; On                 ;
; Ignore translate_off and synthesis_off directives                          ; Off                ; Off                ;
; Timing-Driven Synthesis                                                    ; Off                ; Off                ;
; Report Parameter Settings                                                  ; On                 ; On                 ;
; Report Source Assignments                                                  ; On                 ; On                 ;
; Report Connectivity Checks                                                 ; On                 ; On                 ;
; Ignore Maximum Fan-Out Assignments                                         ; Off                ; Off                ;
; Synchronization Register Chain Length                                      ; 2                  ; 2                  ;
; PowerPlay Power Optimization                                               ; Normal compilation ; Normal compilation ;
; HDL message level                                                          ; Level2             ; Level2             ;
; Suppress Register Optimization Related Messages                            ; Off                ; Off                ;
; Number of Removed Registers Reported in Synthesis Report                   ; 5000               ; 5000               ;
; Number of Swept Nodes Reported in Synthesis Report                         ; 5000               ; 5000               ;
; Number of Inverted Registers Reported in Synthesis Report                  ; 100                ; 100                ;
; Clock MUX Protection                                                       ; On                 ; On                 ;
; Auto Gated Clock Conversion                                                ; Off                ; Off                ;
; Block Design Naming                                                        ; Auto               ; Auto               ;
; SDC constraint protection                                                  ; Off                ; Off                ;
; Synthesis Effort                                                           ; Auto               ; Auto               ;
; Shift Register Replacement - Allow Asynchronous Clear Signal               ; On                 ; On                 ;
; Pre-Mapping Resynthesis Optimization                                       ; Off                ; Off                ;
; Analysis & Synthesis Message Level                                         ; Medium             ; Medium             ;
; Disable Register Merging Across Hierarchies                                ; Auto               ; Auto               ;
; Resource Aware Inference For Block RAM                                     ; On                 ; On                 ;
; Synthesis Seed                                                             ; 1                  ; 1                  ;
+----------------------------------------------------------------------------+--------------------+--------------------+


+------------------------------------------+
; Parallel Compilation                     ;
+----------------------------+-------------+
; Processors                 ; Number      ;
+----------------------------+-------------+
; Number detected on machine ; 16          ;
; Maximum allowed            ; 16          ;
;                            ;             ;
; Average used               ; 1.00        ;
; Maximum used               ; 1           ;
;                            ;             ;
; Usage by Processor         ; % Time Used ;
;     Processor 1            ; 100.0%      ;
;     Processors 2-16        ;   0.0%      ;
+----------------------------+-------------+


+------------------------------------------------------------------------------------------------------------------------------------------------------+
; Analysis & Synthesis Source Files Read                                                                                                               ;
+----------------------------------+-----------------+------------------------+--------------------------------------------------------------+---------+
; File Name with User-Entered Path ; Used in Netlist ; File Type              ; File Name with Absolute Path                                 ; Library ;
+----------------------------------+-----------------+------------------------+--------------------------------------------------------------+---------+
; uart_tx.v                        ; yes             ; User Verilog HDL File  ; D:/Study/UIT/DA/DA1/verilog/uart_interface/uart_tx.v         ;         ;
; uart_tx_testing.v                ; yes             ; User Verilog HDL File  ; D:/Study/UIT/DA/DA1/verilog/uart_interface/uart_tx_testing.v ;         ;
+----------------------------------+-----------------+------------------------+--------------------------------------------------------------+---------+


+-----------------------------------------------------+
; Analysis & Synthesis Resource Usage Summary         ;
+---------------------------------------------+-------+
; Resource                                    ; Usage ;
+---------------------------------------------+-------+
;                                             ;       ;
; Total combinational functions               ; 0     ;
; Logic element usage by number of LUT inputs ;       ;
;     -- 4 input functions                    ; 0     ;
;     -- 3 input functions                    ; 0     ;
;     -- <=2 input functions                  ; 0     ;
;                                             ;       ;
; Logic elements by mode                      ;       ;
;     -- normal mode                          ; 0     ;
;     -- arithmetic mode                      ; 0     ;
;                                             ;       ;
; Total registers                             ; 0     ;
;     -- Dedicated logic registers            ; 0     ;
;     -- I/O registers                        ; 0     ;
;                                             ;       ;
; I/O pins                                    ; 5     ;
; Embedded Multiplier 9-bit elements          ; 0     ;
+---------------------------------------------+-------+


+-----------------------------------------------------------------------------------------------------------------------------------------------------------------------------+
; Analysis & Synthesis Resource Utilization by Entity                                                                                                                         ;
+----------------------------+-------------------+--------------+-------------+--------------+---------+-----------+------+--------------+---------------------+--------------+
; Compilation Hierarchy Node ; LC Combinationals ; LC Registers ; Memory Bits ; DSP Elements ; DSP 9x9 ; DSP 18x18 ; Pins ; Virtual Pins ; Full Hierarchy Name ; Library Name ;
+----------------------------+-------------------+--------------+-------------+--------------+---------+-----------+------+--------------+---------------------+--------------+
; |uart_tx_testing           ; 0 (0)             ; 0 (0)        ; 0           ; 0            ; 0       ; 0         ; 5    ; 0            ; |uart_tx_testing    ; work         ;
+----------------------------+-------------------+--------------+-------------+--------------+---------+-----------+------+--------------+---------------------+--------------+
Note: For table entries with two numbers listed, the numbers in parentheses indicate the number of resources of the given type used by the specific entity alone. The numbers listed outside of parentheses indicate the total resources of the given type used by the specific entity and all of its sub-entities in the hierarchy.


Encoding Type:  One-Hot
+-----------------------------------------------------------------------------------------------------------------------+
; State Machine - |uart_tx_testing|uart_tx:tx|state                                                                     ;
+----------------------+---------------------+---------------------+----------------------+-----------+-----------------+
; Name                 ; state.s_tx_stop_bit ; state.s_tx_data_bit ; state.s_tx_start_bit ; state.000 ; state.s_cleanup ;
+----------------------+---------------------+---------------------+----------------------+-----------+-----------------+
; state.000            ; 0                   ; 0                   ; 0                    ; 0         ; 0               ;
; state.s_tx_start_bit ; 0                   ; 0                   ; 1                    ; 1         ; 0               ;
; state.s_tx_data_bit  ; 0                   ; 1                   ; 0                    ; 1         ; 0               ;
; state.s_tx_stop_bit  ; 1                   ; 0                   ; 0                    ; 1         ; 0               ;
; state.s_cleanup      ; 0                   ; 0                   ; 0                    ; 1         ; 1               ;
+----------------------+---------------------+---------------------+----------------------+-----------+-----------------+


+--------------------------------------------------------------------------------------+
; Registers Removed During Synthesis                                                   ;
+----------------------------------------+---------------------------------------------+
; Register name                          ; Reason for Removal                          ;
+----------------------------------------+---------------------------------------------+
; uart_tx:tx|d[0..7]                     ; Stuck at GND due to stuck port clock        ;
; uart_tx:tx|r_tx_data[0..7]             ; Stuck at GND due to stuck port clock        ;
; uart_tx:tx|r_tx_active                 ; Stuck at GND due to stuck port clock        ;
; uart_tx:tx|o_tx_serial                 ; Stuck at GND due to stuck port clock        ;
; uart_tx:tx|r_tx_done                   ; Stuck at GND due to stuck port clock        ;
; uart_tx:tx|r_bit_index[0..2]           ; Stuck at GND due to stuck port clock        ;
; uart_tx:tx|clock_count[0..15]          ; Stuck at GND due to stuck port clock        ;
; index[0..7]                            ; Stuck at GND due to stuck port clock_enable ;
; uart_tx:tx|state~2                     ; Lost fanout                                 ;
; uart_tx:tx|state~3                     ; Lost fanout                                 ;
; uart_tx:tx|state.s_cleanup             ; Stuck at GND due to stuck port clock        ;
; uart_tx:tx|state.000                   ; Stuck at GND due to stuck port clock        ;
; uart_tx:tx|state.s_tx_start_bit        ; Stuck at GND due to stuck port clock        ;
; uart_tx:tx|state.s_tx_data_bit         ; Stuck at GND due to stuck port clock        ;
; uart_tx:tx|state.s_tx_stop_bit         ; Stuck at GND due to stuck port clock        ;
; Total Number of Removed Registers = 53 ;                                             ;
+----------------------------------------+---------------------------------------------+


+---------------------------------------------------------------------------------------------------------------------------------------+
; Removed Registers Triggering Further Register Optimizations                                                                           ;
+----------------------------+-------------------------+--------------------------------------------------------------------------------+
; Register name              ; Reason for Removal      ; Registers Removed due to This Register                                         ;
+----------------------------+-------------------------+--------------------------------------------------------------------------------+
; uart_tx:tx|r_tx_done       ; Stuck at GND            ; index[7], index[6], index[5], index[4], index[3], index[2], index[1], index[0] ;
;                            ; due to stuck port clock ;                                                                                ;
; uart_tx:tx|r_tx_data[0]    ; Stuck at GND            ; uart_tx:tx|o_tx_serial                                                         ;
;                            ; due to stuck port clock ;                                                                                ;
; uart_tx:tx|state.s_cleanup ; Stuck at GND            ; uart_tx:tx|state.000                                                           ;
;                            ; due to stuck port clock ;                                                                                ;
+----------------------------+-------------------------+--------------------------------------------------------------------------------+


+------------------------------------------------------+
; General Register Statistics                          ;
+----------------------------------------------+-------+
; Statistic                                    ; Value ;
+----------------------------------------------+-------+
; Total registers                              ; 0     ;
; Number of registers using Synchronous Clear  ; 0     ;
; Number of registers using Synchronous Load   ; 0     ;
; Number of registers using Asynchronous Clear ; 0     ;
; Number of registers using Asynchronous Load  ; 0     ;
; Number of registers using Clock Enable       ; 0     ;
; Number of registers using Preset             ; 0     ;
+----------------------------------------------+-------+


+---------------------------------------------------------------------------------+
; Parameter Settings for User Entity Instance: Top-level Entity: |uart_tx_testing ;
+----------------+-------+--------------------------------------------------------+
; Parameter Name ; Value ; Type                                                   ;
+----------------+-------+--------------------------------------------------------+
; divisor        ; 2604  ; Signed Integer                                         ;
+----------------+-------+--------------------------------------------------------+
Note: In order to hide this table in the UI and the text report file, please set the "Show Parameter Settings in Synthesis Report" option in "Analysis and Synthesis Settings -> More Settings" to "Off".


+---------------------------------------------------------+
; Parameter Settings for User Entity Instance: uart_tx:tx ;
+----------------+-------+--------------------------------+
; Parameter Name ; Value ; Type                           ;
+----------------+-------+--------------------------------+
; divisor        ; 2604  ; Signed Integer                 ;
; depth          ; 12    ; Signed Integer                 ;
+----------------+-------+--------------------------------+
Note: In order to hide this table in the UI and the text report file, please set the "Show Parameter Settings in Synthesis Report" option in "Analysis and Synthesis Settings -> More Settings" to "Off".


+----------------------------------------------+
; Port Connectivity Checks: "uart_tx:tx"       ;
+------------+-------+----------+--------------+
; Port       ; Type  ; Severity ; Details      ;
+------------+-------+----------+--------------+
; i_tx_start ; Input ; Info     ; Stuck at GND ;
+------------+-------+----------+--------------+


+-------------------------------+
; Elapsed Time Per Partition    ;
+----------------+--------------+
; Partition Name ; Elapsed Time ;
+----------------+--------------+
; Top            ; 00:00:00     ;
+----------------+--------------+


+-------------------------------+
; Analysis & Synthesis Messages ;
+-------------------------------+
Info: *******************************************************************
Info: Running Quartus II 64-Bit Analysis & Synthesis
    Info: Version 13.0.1 Build 232 06/12/2013 Service Pack 1 SJ Web Edition
    Info: Processing started: Sun Apr 07 19:32:25 2024
Info: Command: quartus_map --read_settings_files=on --write_settings_files=off uart_interface -c uart_interface
Info (20030): Parallel compilation is enabled and will use 16 of the 16 processors detected
Info (12021): Found 1 design units, including 1 entities, in source file uart_rx.v
    Info (12023): Found entity 1: uart_rx
Info (12021): Found 1 design units, including 1 entities, in source file uart_rx_tb.v
    Info (12023): Found entity 1: uart_rx_tb
Info (12021): Found 1 design units, including 1 entities, in source file uart_tx.v
    Info (12023): Found entity 1: uart_tx
Info (12021): Found 1 design units, including 1 entities, in source file uart.v
    Info (12023): Found entity 1: uart
Info (12021): Found 1 design units, including 1 entities, in source file uart_rx_testing.v
    Info (12023): Found entity 1: uart_rx_testing
Info (12021): Found 1 design units, including 1 entities, in source file uart_tx_testing.v
    Info (12023): Found entity 1: uart_tx_testing
Warning (10236): Verilog HDL Implicit Net warning at uart.v(21): created implicit net for "o_tx_active"
Warning (10222): Verilog HDL Parameter Declaration warning at uart_rx.v(11): Parameter Declaration in module "uart_rx" behaves as a Local Parameter Declaration because the module has a Module Parameter Port List
Warning (10222): Verilog HDL Parameter Declaration warning at uart_rx.v(12): Parameter Declaration in module "uart_rx" behaves as a Local Parameter Declaration because the module has a Module Parameter Port List
Warning (10222): Verilog HDL Parameter Declaration warning at uart_rx.v(13): Parameter Declaration in module "uart_rx" behaves as a Local Parameter Declaration because the module has a Module Parameter Port List
Warning (10222): Verilog HDL Parameter Declaration warning at uart_rx.v(14): Parameter Declaration in module "uart_rx" behaves as a Local Parameter Declaration because the module has a Module Parameter Port List
Warning (10222): Verilog HDL Parameter Declaration warning at uart_rx.v(15): Parameter Declaration in module "uart_rx" behaves as a Local Parameter Declaration because the module has a Module Parameter Port List
Warning (10222): Verilog HDL Parameter Declaration warning at uart_tx.v(14): Parameter Declaration in module "uart_tx" behaves as a Local Parameter Declaration because the module has a Module Parameter Port List
Warning (10222): Verilog HDL Parameter Declaration warning at uart_tx.v(15): Parameter Declaration in module "uart_tx" behaves as a Local Parameter Declaration because the module has a Module Parameter Port List
Warning (10222): Verilog HDL Parameter Declaration warning at uart_tx.v(16): Parameter Declaration in module "uart_tx" behaves as a Local Parameter Declaration because the module has a Module Parameter Port List
Warning (10222): Verilog HDL Parameter Declaration warning at uart_tx.v(17): Parameter Declaration in module "uart_tx" behaves as a Local Parameter Declaration because the module has a Module Parameter Port List
Warning (10222): Verilog HDL Parameter Declaration warning at uart_tx.v(18): Parameter Declaration in module "uart_tx" behaves as a Local Parameter Declaration because the module has a Module Parameter Port List
Warning (10222): Verilog HDL Parameter Declaration warning at uart_tx_testing.v(10): Parameter Declaration in module "uart_tx_testing" behaves as a Local Parameter Declaration because the module has a Module Parameter Port List
Info (12127): Elaborating entity "uart_tx_testing" for the top level hierarchy
Warning (10858): Verilog HDL warning at uart_tx_testing.v(12): object lock used but never assigned
Warning (10036): Verilog HDL or VHDL warning at uart_tx_testing.v(13): object "s" assigned a value but never read
Warning (10230): Verilog HDL assignment warning at uart_tx_testing.v(57): truncated value with size 32 to match size of target (8)
Warning (10230): Verilog HDL assignment warning at uart_tx_testing.v(60): truncated value with size 32 to match size of target (1)
Warning (10030): Net "lock" at uart_tx_testing.v(12) has no driver or initial value, using a default initial value '0'
Info (12128): Elaborating entity "uart_tx" for hierarchy "uart_tx:tx"
Warning (10230): Verilog HDL assignment warning at uart_tx.v(56): truncated value with size 32 to match size of target (16)
Warning (10230): Verilog HDL assignment warning at uart_tx.v(62): truncated value with size 32 to match size of target (8)
Warning (10230): Verilog HDL assignment warning at uart_tx.v(69): truncated value with size 32 to match size of target (16)
Warning (10230): Verilog HDL assignment warning at uart_tx.v(76): truncated value with size 32 to match size of target (3)
Warning (10230): Verilog HDL assignment warning at uart_tx.v(87): truncated value with size 32 to match size of target (16)
Warning (13024): Output pins are stuck at VCC or GND
    Warning (13410): Pin "o_tx_done" is stuck at VCC
    Warning (13410): Pin "o_tx_serial" is stuck at GND
    Warning (13410): Pin "o_tx_active" is stuck at VCC
Info (17049): 2 registers lost all their fanouts during netlist optimizations.
Info (16010): Generating hard_block partition "hard_block:auto_generated_inst"
    Info (16011): Adding 0 node(s), including 0 DDIO, 0 PLL, 0 transceiver and 0 LCELL
Warning (21074): Design contains 2 input pin(s) that do not drive logic
    Warning (15610): No output dependent on input pin "i_clock"
    Warning (15610): No output dependent on input pin "i_tx_start"
Info (21057): Implemented 5 device resources after synthesis - the final resource count might be different
    Info (21058): Implemented 2 input pins
    Info (21059): Implemented 3 output pins
Info: Quartus II 64-Bit Analysis & Synthesis was successful. 0 errors, 29 warnings
    Info: Peak virtual memory: 4605 megabytes
    Info: Processing ended: Sun Apr 07 19:32:26 2024
    Info: Elapsed time: 00:00:01
    Info: Total CPU time (on all processors): 00:00:01


