Analysis & Synthesis report for lcd
Wed May 15 11:17:36 2024
Quartus II 64-Bit Version 13.0.1 Build 232 06/12/2013 Service Pack 1 SJ Web Edition


---------------------
; Table of Contents ;
---------------------
  1. Legal Notice
  2. Analysis & Synthesis Summary
  3. Analysis & Synthesis Settings
  4. Parallel Compilation
  5. Analysis & Synthesis Source Files Read
  6. Analysis & Synthesis Resource Usage Summary
  7. Analysis & Synthesis Resource Utilization by Entity
  8. State Machine - |lcd|state_c
  9. User-Specified and Inferred Latches
 10. Registers Removed During Synthesis
 11. General Register Statistics
 12. Multiplexer Restructuring Statistics (Restructuring Performed)
 13. Parameter Settings for Inferred Entity Instance: number_display:number|lpm_divide:Mod3
 14. Parameter Settings for Inferred Entity Instance: number_display:number|lpm_divide:Div2
 15. Parameter Settings for Inferred Entity Instance: number_display:number|lpm_divide:Mod1
 16. Parameter Settings for Inferred Entity Instance: number_display:number|lpm_divide:Div0
 17. Parameter Settings for Inferred Entity Instance: number_display:number|lpm_divide:Mod0
 18. Parameter Settings for Inferred Entity Instance: number_display:number|lpm_divide:Div1
 19. Parameter Settings for Inferred Entity Instance: number_display:number|lpm_divide:Mod2
 20. Parameter Settings for Inferred Entity Instance: number_display:number|lpm_divide:Div3
 21. Elapsed Time Per Partition
 22. Analysis & Synthesis Messages



----------------
; Legal Notice ;
----------------
Copyright (C) 1991-2013 Altera Corporation
Your use of Altera Corporation's design tools, logic functions 
and other software and tools, and its AMPP partner logic 
functions, and any output files from any of the foregoing 
(including device programming or simulation files), and any 
associated documentation or information are expressly subject 
to the terms and conditions of the Altera Program License 
Subscription Agreement, Altera MegaCore Function License 
Agreement, or other applicable license agreement, including, 
without limitation, that your use is for the sole purpose of 
programming logic devices manufactured by Altera and sold by 
Altera or its authorized distributors.  Please refer to the 
applicable agreement for further details.



+--------------------------------------------------------------------------------------+
; Analysis & Synthesis Summary                                                         ;
+------------------------------------+-------------------------------------------------+
; Analysis & Synthesis Status        ; Successful - Wed May 15 11:17:36 2024           ;
; Quartus II 64-Bit Version          ; 13.0.1 Build 232 06/12/2013 SP 1 SJ Web Edition ;
; Revision Name                      ; lcd                                             ;
; Top-level Entity Name              ; lcd                                             ;
; Family                             ; Cyclone II                                      ;
; Total logic elements               ; 492                                             ;
;     Total combinational functions  ; 486                                             ;
;     Dedicated logic registers      ; 84                                              ;
; Total registers                    ; 84                                              ;
; Total pins                         ; 30                                              ;
; Total virtual pins                 ; 0                                               ;
; Total memory bits                  ; 0                                               ;
; Embedded Multiplier 9-bit elements ; 0                                               ;
; Total PLLs                         ; 0                                               ;
+------------------------------------+-------------------------------------------------+


+----------------------------------------------------------------------------------------------------------------------+
; Analysis & Synthesis Settings                                                                                        ;
+----------------------------------------------------------------------------+--------------------+--------------------+
; Option                                                                     ; Setting            ; Default Value      ;
+----------------------------------------------------------------------------+--------------------+--------------------+
; Device                                                                     ; EP2C35F672C6       ;                    ;
; Top-level entity name                                                      ; lcd                ; lcd                ;
; Family name                                                                ; Cyclone II         ; Cyclone IV GX      ;
; Use smart compilation                                                      ; Off                ; Off                ;
; Enable parallel Assembler and TimeQuest Timing Analyzer during compilation ; On                 ; On                 ;
; Enable compact report table                                                ; Off                ; Off                ;
; Restructure Multiplexers                                                   ; Auto               ; Auto               ;
; Create Debugging Nodes for IP Cores                                        ; Off                ; Off                ;
; Preserve fewer node names                                                  ; On                 ; On                 ;
; Disable OpenCore Plus hardware evaluation                                  ; Off                ; Off                ;
; Verilog Version                                                            ; Verilog_2001       ; Verilog_2001       ;
; VHDL Version                                                               ; VHDL_1993          ; VHDL_1993          ;
; State Machine Processing                                                   ; Auto               ; Auto               ;
; Safe State Machine                                                         ; Off                ; Off                ;
; Extract Verilog State Machines                                             ; On                 ; On                 ;
; Extract VHDL State Machines                                                ; On                 ; On                 ;
; Ignore Verilog initial constructs                                          ; Off                ; Off                ;
; Iteration limit for constant Verilog loops                                 ; 5000               ; 5000               ;
; Iteration limit for non-constant Verilog loops                             ; 250                ; 250                ;
; Add Pass-Through Logic to Inferred RAMs                                    ; On                 ; On                 ;
; Infer RAMs from Raw Logic                                                  ; On                 ; On                 ;
; Parallel Synthesis                                                         ; On                 ; On                 ;
; DSP Block Balancing                                                        ; Auto               ; Auto               ;
; NOT Gate Push-Back                                                         ; On                 ; On                 ;
; Power-Up Don't Care                                                        ; On                 ; On                 ;
; Remove Redundant Logic Cells                                               ; Off                ; Off                ;
; Remove Duplicate Registers                                                 ; On                 ; On                 ;
; Ignore CARRY Buffers                                                       ; Off                ; Off                ;
; Ignore CASCADE Buffers                                                     ; Off                ; Off                ;
; Ignore GLOBAL Buffers                                                      ; Off                ; Off                ;
; Ignore ROW GLOBAL Buffers                                                  ; Off                ; Off                ;
; Ignore LCELL Buffers                                                       ; Off                ; Off                ;
; Ignore SOFT Buffers                                                        ; On                 ; On                 ;
; Limit AHDL Integers to 32 Bits                                             ; Off                ; Off                ;
; Optimization Technique                                                     ; Balanced           ; Balanced           ;
; Carry Chain Length                                                         ; 70                 ; 70                 ;
; Auto Carry Chains                                                          ; On                 ; On                 ;
; Auto Open-Drain Pins                                                       ; On                 ; On                 ;
; Perform WYSIWYG Primitive Resynthesis                                      ; Off                ; Off                ;
; Auto ROM Replacement                                                       ; On                 ; On                 ;
; Auto RAM Replacement                                                       ; On                 ; On                 ;
; Auto Shift Register Replacement                                            ; Auto               ; Auto               ;
; Allow Shift Register Merging across Hierarchies                            ; Auto               ; Auto               ;
; Auto Clock Enable Replacement                                              ; On                 ; On                 ;
; Strict RAM Replacement                                                     ; Off                ; Off                ;
; Allow Synchronous Control Signals                                          ; On                 ; On                 ;
; Force Use of Synchronous Clear Signals                                     ; Off                ; Off                ;
; Auto RAM to Logic Cell Conversion                                          ; Off                ; Off                ;
; Auto Resource Sharing                                                      ; Off                ; Off                ;
; Allow Any RAM Size For Recognition                                         ; Off                ; Off                ;
; Allow Any ROM Size For Recognition                                         ; Off                ; Off                ;
; Allow Any Shift Register Size For Recognition                              ; Off                ; Off                ;
; Use LogicLock Constraints during Resource Balancing                        ; On                 ; On                 ;
; Ignore translate_off and synthesis_off directives                          ; Off                ; Off                ;
; Timing-Driven Synthesis                                                    ; Off                ; Off                ;
; Report Parameter Settings                                                  ; On                 ; On                 ;
; Report Source Assignments                                                  ; On                 ; On                 ;
; Report Connectivity Checks                                                 ; On                 ; On                 ;
; Ignore Maximum Fan-Out Assignments                                         ; Off                ; Off                ;
; Synchronization Register Chain Length                                      ; 2                  ; 2                  ;
; PowerPlay Power Optimization                                               ; Normal compilation ; Normal compilation ;
; HDL message level                                                          ; Level2             ; Level2             ;
; Suppress Register Optimization Related Messages                            ; Off                ; Off                ;
; Number of Removed Registers Reported in Synthesis Report                   ; 5000               ; 5000               ;
; Number of Swept Nodes Reported in Synthesis Report                         ; 5000               ; 5000               ;
; Number of Inverted Registers Reported in Synthesis Report                  ; 100                ; 100                ;
; Clock MUX Protection                                                       ; On                 ; On                 ;
; Auto Gated Clock Conversion                                                ; Off                ; Off                ;
; Block Design Naming                                                        ; Auto               ; Auto               ;
; SDC constraint protection                                                  ; Off                ; Off                ;
; Synthesis Effort                                                           ; Auto               ; Auto               ;
; Shift Register Replacement - Allow Asynchronous Clear Signal               ; On                 ; On                 ;
; Pre-Mapping Resynthesis Optimization                                       ; Off                ; Off                ;
; Analysis & Synthesis Message Level                                         ; Medium             ; Medium             ;
; Disable Register Merging Across Hierarchies                                ; Auto               ; Auto               ;
; Resource Aware Inference For Block RAM                                     ; On                 ; On                 ;
; Synthesis Seed                                                             ; 1                  ; 1                  ;
+----------------------------------------------------------------------------+--------------------+--------------------+


Parallel compilation was disabled, but you have multiple processors available. Enable parallel compilation to reduce compilation time.
+-------------------------------------+
; Parallel Compilation                ;
+----------------------------+--------+
; Processors                 ; Number ;
+----------------------------+--------+
; Number detected on machine ; 12     ;
; Maximum allowed            ; 1      ;
+----------------------------+--------+


+---------------------------------------------------------------------------------------------------------------------------------------------------------------------+
; Analysis & Synthesis Source Files Read                                                                                                                              ;
+----------------------------------+-----------------+------------------------------+-----------------------------------------------------------------------+---------+
; File Name with User-Entered Path ; Used in Netlist ; File Type                    ; File Name with Absolute Path                                          ; Library ;
+----------------------------------+-----------------+------------------------------+-----------------------------------------------------------------------+---------+
; lcd.v                            ; yes             ; User Verilog HDL File        ; D:/HKII-NAM3/CE_Project1/LCD_v2/lcd.v                                 ;         ;
; number_display.v                 ; yes             ; User Verilog HDL File        ; D:/HKII-NAM3/CE_Project1/LCD_v2/number_display.v                      ;         ;
; lpm_divide.tdf                   ; yes             ; Megafunction                 ; c:/altera/13.0sp1/quartus/libraries/megafunctions/lpm_divide.tdf      ;         ;
; abs_divider.inc                  ; yes             ; Megafunction                 ; c:/altera/13.0sp1/quartus/libraries/megafunctions/abs_divider.inc     ;         ;
; sign_div_unsign.inc              ; yes             ; Megafunction                 ; c:/altera/13.0sp1/quartus/libraries/megafunctions/sign_div_unsign.inc ;         ;
; aglobal130.inc                   ; yes             ; Megafunction                 ; c:/altera/13.0sp1/quartus/libraries/megafunctions/aglobal130.inc      ;         ;
; db/lpm_divide_45m.tdf            ; yes             ; Auto-Generated Megafunction  ; D:/HKII-NAM3/CE_Project1/LCD_v2/db/lpm_divide_45m.tdf                 ;         ;
; db/sign_div_unsign_bkh.tdf       ; yes             ; Auto-Generated Megafunction  ; D:/HKII-NAM3/CE_Project1/LCD_v2/db/sign_div_unsign_bkh.tdf            ;         ;
; db/alt_u_div_ove.tdf             ; yes             ; Auto-Generated Megafunction  ; D:/HKII-NAM3/CE_Project1/LCD_v2/db/alt_u_div_ove.tdf                  ;         ;
; db/add_sub_lkc.tdf               ; yes             ; Auto-Generated Megafunction  ; D:/HKII-NAM3/CE_Project1/LCD_v2/db/add_sub_lkc.tdf                    ;         ;
; db/add_sub_mkc.tdf               ; yes             ; Auto-Generated Megafunction  ; D:/HKII-NAM3/CE_Project1/LCD_v2/db/add_sub_mkc.tdf                    ;         ;
; db/lpm_divide_4dm.tdf            ; yes             ; Auto-Generated Megafunction  ; D:/HKII-NAM3/CE_Project1/LCD_v2/db/lpm_divide_4dm.tdf                 ;         ;
; db/sign_div_unsign_ekh.tdf       ; yes             ; Auto-Generated Megafunction  ; D:/HKII-NAM3/CE_Project1/LCD_v2/db/sign_div_unsign_ekh.tdf            ;         ;
; db/alt_u_div_uve.tdf             ; yes             ; Auto-Generated Megafunction  ; D:/HKII-NAM3/CE_Project1/LCD_v2/db/alt_u_div_uve.tdf                  ;         ;
; db/lpm_divide_75m.tdf            ; yes             ; Auto-Generated Megafunction  ; D:/HKII-NAM3/CE_Project1/LCD_v2/db/lpm_divide_75m.tdf                 ;         ;
; db/lpm_divide_0dm.tdf            ; yes             ; Auto-Generated Megafunction  ; D:/HKII-NAM3/CE_Project1/LCD_v2/db/lpm_divide_0dm.tdf                 ;         ;
; db/sign_div_unsign_akh.tdf       ; yes             ; Auto-Generated Megafunction  ; D:/HKII-NAM3/CE_Project1/LCD_v2/db/sign_div_unsign_akh.tdf            ;         ;
; db/alt_u_div_mve.tdf             ; yes             ; Auto-Generated Megafunction  ; D:/HKII-NAM3/CE_Project1/LCD_v2/db/alt_u_div_mve.tdf                  ;         ;
+----------------------------------+-----------------+------------------------------+-----------------------------------------------------------------------+---------+


+-----------------------------------------------------+
; Analysis & Synthesis Resource Usage Summary         ;
+---------------------------------------------+-------+
; Resource                                    ; Usage ;
+---------------------------------------------+-------+
; Estimated Total logic elements              ; 492   ;
;                                             ;       ;
; Total combinational functions               ; 486   ;
; Logic element usage by number of LUT inputs ;       ;
;     -- 4 input functions                    ; 120   ;
;     -- 3 input functions                    ; 125   ;
;     -- <=2 input functions                  ; 241   ;
;                                             ;       ;
; Logic elements by mode                      ;       ;
;     -- normal mode                          ; 334   ;
;     -- arithmetic mode                      ; 152   ;
;                                             ;       ;
; Total registers                             ; 84    ;
;     -- Dedicated logic registers            ; 84    ;
;     -- I/O registers                        ; 0     ;
;                                             ;       ;
; I/O pins                                    ; 30    ;
; Embedded Multiplier 9-bit elements          ; 0     ;
; Maximum fan-out node                        ; clk   ;
; Maximum fan-out                             ; 84    ;
; Total fan-out                               ; 1557  ;
; Average fan-out                             ; 2.60  ;
+---------------------------------------------+-------+


+---------------------------------------------------------------------------------------------------------------------------------------------------------------------------------------------------------------------------------------------------------------------------------------------------+
; Analysis & Synthesis Resource Utilization by Entity                                                                                                                                                                                                                                               ;
+-------------------------------------------+-------------------+--------------+-------------+--------------+---------+-----------+------+--------------+----------------------------------------------------------------------------------------------------------------------------+--------------+
; Compilation Hierarchy Node                ; LC Combinationals ; LC Registers ; Memory Bits ; DSP Elements ; DSP 9x9 ; DSP 18x18 ; Pins ; Virtual Pins ; Full Hierarchy Name                                                                                                        ; Library Name ;
+-------------------------------------------+-------------------+--------------+-------------+--------------+---------+-----------+------+--------------+----------------------------------------------------------------------------------------------------------------------------+--------------+
; |lcd                                      ; 486 (144)         ; 84 (64)      ; 0           ; 0            ; 0       ; 0         ; 30   ; 0            ; |lcd                                                                                                                       ; work         ;
;    |number_display:number|                ; 342 (32)          ; 20 (20)      ; 0           ; 0            ; 0       ; 0         ; 0    ; 0            ; |lcd|number_display:number                                                                                                 ; work         ;
;       |lpm_divide:Div0|                   ; 18 (0)            ; 0 (0)        ; 0           ; 0            ; 0       ; 0         ; 0    ; 0            ; |lcd|number_display:number|lpm_divide:Div0                                                                                 ; work         ;
;          |lpm_divide_4dm:auto_generated|  ; 18 (0)            ; 0 (0)        ; 0           ; 0            ; 0       ; 0         ; 0    ; 0            ; |lcd|number_display:number|lpm_divide:Div0|lpm_divide_4dm:auto_generated                                                   ; work         ;
;             |sign_div_unsign_ekh:divider| ; 18 (0)            ; 0 (0)        ; 0           ; 0            ; 0       ; 0         ; 0    ; 0            ; |lcd|number_display:number|lpm_divide:Div0|lpm_divide_4dm:auto_generated|sign_div_unsign_ekh:divider                       ; work         ;
;                |alt_u_div_uve:divider|    ; 18 (18)           ; 0 (0)        ; 0           ; 0            ; 0       ; 0         ; 0    ; 0            ; |lcd|number_display:number|lpm_divide:Div0|lpm_divide_4dm:auto_generated|sign_div_unsign_ekh:divider|alt_u_div_uve:divider ; work         ;
;       |lpm_divide:Div1|                   ; 43 (0)            ; 0 (0)        ; 0           ; 0            ; 0       ; 0         ; 0    ; 0            ; |lcd|number_display:number|lpm_divide:Div1                                                                                 ; work         ;
;          |lpm_divide_0dm:auto_generated|  ; 43 (0)            ; 0 (0)        ; 0           ; 0            ; 0       ; 0         ; 0    ; 0            ; |lcd|number_display:number|lpm_divide:Div1|lpm_divide_0dm:auto_generated                                                   ; work         ;
;             |sign_div_unsign_akh:divider| ; 43 (0)            ; 0 (0)        ; 0           ; 0            ; 0       ; 0         ; 0    ; 0            ; |lcd|number_display:number|lpm_divide:Div1|lpm_divide_0dm:auto_generated|sign_div_unsign_akh:divider                       ; work         ;
;                |alt_u_div_mve:divider|    ; 43 (43)           ; 0 (0)        ; 0           ; 0            ; 0       ; 0         ; 0    ; 0            ; |lcd|number_display:number|lpm_divide:Div1|lpm_divide_0dm:auto_generated|sign_div_unsign_akh:divider|alt_u_div_mve:divider ; work         ;
;       |lpm_divide:Div2|                   ; 18 (0)            ; 0 (0)        ; 0           ; 0            ; 0       ; 0         ; 0    ; 0            ; |lcd|number_display:number|lpm_divide:Div2                                                                                 ; work         ;
;          |lpm_divide_4dm:auto_generated|  ; 18 (0)            ; 0 (0)        ; 0           ; 0            ; 0       ; 0         ; 0    ; 0            ; |lcd|number_display:number|lpm_divide:Div2|lpm_divide_4dm:auto_generated                                                   ; work         ;
;             |sign_div_unsign_ekh:divider| ; 18 (0)            ; 0 (0)        ; 0           ; 0            ; 0       ; 0         ; 0    ; 0            ; |lcd|number_display:number|lpm_divide:Div2|lpm_divide_4dm:auto_generated|sign_div_unsign_ekh:divider                       ; work         ;
;                |alt_u_div_uve:divider|    ; 18 (18)           ; 0 (0)        ; 0           ; 0            ; 0       ; 0         ; 0    ; 0            ; |lcd|number_display:number|lpm_divide:Div2|lpm_divide_4dm:auto_generated|sign_div_unsign_ekh:divider|alt_u_div_uve:divider ; work         ;
;       |lpm_divide:Div3|                   ; 43 (0)            ; 0 (0)        ; 0           ; 0            ; 0       ; 0         ; 0    ; 0            ; |lcd|number_display:number|lpm_divide:Div3                                                                                 ; work         ;
;          |lpm_divide_0dm:auto_generated|  ; 43 (0)            ; 0 (0)        ; 0           ; 0            ; 0       ; 0         ; 0    ; 0            ; |lcd|number_display:number|lpm_divide:Div3|lpm_divide_0dm:auto_generated                                                   ; work         ;
;             |sign_div_unsign_akh:divider| ; 43 (0)            ; 0 (0)        ; 0           ; 0            ; 0       ; 0         ; 0    ; 0            ; |lcd|number_display:number|lpm_divide:Div3|lpm_divide_0dm:auto_generated|sign_div_unsign_akh:divider                       ; work         ;
;                |alt_u_div_mve:divider|    ; 43 (43)           ; 0 (0)        ; 0           ; 0            ; 0       ; 0         ; 0    ; 0            ; |lcd|number_display:number|lpm_divide:Div3|lpm_divide_0dm:auto_generated|sign_div_unsign_akh:divider|alt_u_div_mve:divider ; work         ;
;       |lpm_divide:Mod0|                   ; 35 (0)            ; 0 (0)        ; 0           ; 0            ; 0       ; 0         ; 0    ; 0            ; |lcd|number_display:number|lpm_divide:Mod0                                                                                 ; work         ;
;          |lpm_divide_75m:auto_generated|  ; 35 (0)            ; 0 (0)        ; 0           ; 0            ; 0       ; 0         ; 0    ; 0            ; |lcd|number_display:number|lpm_divide:Mod0|lpm_divide_75m:auto_generated                                                   ; work         ;
;             |sign_div_unsign_ekh:divider| ; 35 (0)            ; 0 (0)        ; 0           ; 0            ; 0       ; 0         ; 0    ; 0            ; |lcd|number_display:number|lpm_divide:Mod0|lpm_divide_75m:auto_generated|sign_div_unsign_ekh:divider                       ; work         ;
;                |alt_u_div_uve:divider|    ; 35 (35)           ; 0 (0)        ; 0           ; 0            ; 0       ; 0         ; 0    ; 0            ; |lcd|number_display:number|lpm_divide:Mod0|lpm_divide_75m:auto_generated|sign_div_unsign_ekh:divider|alt_u_div_uve:divider ; work         ;
;       |lpm_divide:Mod1|                   ; 59 (0)            ; 0 (0)        ; 0           ; 0            ; 0       ; 0         ; 0    ; 0            ; |lcd|number_display:number|lpm_divide:Mod1                                                                                 ; work         ;
;          |lpm_divide_45m:auto_generated|  ; 59 (0)            ; 0 (0)        ; 0           ; 0            ; 0       ; 0         ; 0    ; 0            ; |lcd|number_display:number|lpm_divide:Mod1|lpm_divide_45m:auto_generated                                                   ; work         ;
;             |sign_div_unsign_bkh:divider| ; 59 (0)            ; 0 (0)        ; 0           ; 0            ; 0       ; 0         ; 0    ; 0            ; |lcd|number_display:number|lpm_divide:Mod1|lpm_divide_45m:auto_generated|sign_div_unsign_bkh:divider                       ; work         ;
;                |alt_u_div_ove:divider|    ; 59 (59)           ; 0 (0)        ; 0           ; 0            ; 0       ; 0         ; 0    ; 0            ; |lcd|number_display:number|lpm_divide:Mod1|lpm_divide_45m:auto_generated|sign_div_unsign_bkh:divider|alt_u_div_ove:divider ; work         ;
;       |lpm_divide:Mod2|                   ; 35 (0)            ; 0 (0)        ; 0           ; 0            ; 0       ; 0         ; 0    ; 0            ; |lcd|number_display:number|lpm_divide:Mod2                                                                                 ; work         ;
;          |lpm_divide_75m:auto_generated|  ; 35 (0)            ; 0 (0)        ; 0           ; 0            ; 0       ; 0         ; 0    ; 0            ; |lcd|number_display:number|lpm_divide:Mod2|lpm_divide_75m:auto_generated                                                   ; work         ;
;             |sign_div_unsign_ekh:divider| ; 35 (0)            ; 0 (0)        ; 0           ; 0            ; 0       ; 0         ; 0    ; 0            ; |lcd|number_display:number|lpm_divide:Mod2|lpm_divide_75m:auto_generated|sign_div_unsign_ekh:divider                       ; work         ;
;                |alt_u_div_uve:divider|    ; 35 (35)           ; 0 (0)        ; 0           ; 0            ; 0       ; 0         ; 0    ; 0            ; |lcd|number_display:number|lpm_divide:Mod2|lpm_divide_75m:auto_generated|sign_div_unsign_ekh:divider|alt_u_div_uve:divider ; work         ;
;       |lpm_divide:Mod3|                   ; 59 (0)            ; 0 (0)        ; 0           ; 0            ; 0       ; 0         ; 0    ; 0            ; |lcd|number_display:number|lpm_divide:Mod3                                                                                 ; work         ;
;          |lpm_divide_45m:auto_generated|  ; 59 (0)            ; 0 (0)        ; 0           ; 0            ; 0       ; 0         ; 0    ; 0            ; |lcd|number_display:number|lpm_divide:Mod3|lpm_divide_45m:auto_generated                                                   ; work         ;
;             |sign_div_unsign_bkh:divider| ; 59 (0)            ; 0 (0)        ; 0           ; 0            ; 0       ; 0         ; 0    ; 0            ; |lcd|number_display:number|lpm_divide:Mod3|lpm_divide_45m:auto_generated|sign_div_unsign_bkh:divider                       ; work         ;
;                |alt_u_div_ove:divider|    ; 59 (59)           ; 0 (0)        ; 0           ; 0            ; 0       ; 0         ; 0    ; 0            ; |lcd|number_display:number|lpm_divide:Mod3|lpm_divide_45m:auto_generated|sign_div_unsign_bkh:divider|alt_u_div_ove:divider ; work         ;
+-------------------------------------------+-------------------+--------------+-------------+--------------+---------+-----------+------+--------------+----------------------------------------------------------------------------------------------------------------------------+--------------+
Note: For table entries with two numbers listed, the numbers in parentheses indicate the number of resources of the given type used by the specific entity alone. The numbers listed outside of parentheses indicate the total resources of the given type used by the specific entity and all of its sub-entities in the hierarchy.


Encoding Type:  One-Hot
+----------------------------------------------------------------------------------------------------------------------------------------------------------------------------+
; State Machine - |lcd|state_c                                                                                                                                               ;
+-------------------+--------------+-------------------+---------------+-------------------+------------+------------+------------+------------+--------------+--------------+
; Name              ; state_c.stop ; state_c.ROW2_ADDR ; state_c.WRITE ; state_c.ROW1_ADDR ; state_c.S3 ; state_c.S2 ; state_c.S1 ; state_c.S0 ; state_c.INIT ; state_c.IDLE ;
+-------------------+--------------+-------------------+---------------+-------------------+------------+------------+------------+------------+--------------+--------------+
; state_c.IDLE      ; 0            ; 0                 ; 0             ; 0                 ; 0          ; 0          ; 0          ; 0          ; 0            ; 0            ;
; state_c.INIT      ; 0            ; 0                 ; 0             ; 0                 ; 0          ; 0          ; 0          ; 0          ; 1            ; 1            ;
; state_c.S0        ; 0            ; 0                 ; 0             ; 0                 ; 0          ; 0          ; 0          ; 1          ; 0            ; 1            ;
; state_c.S1        ; 0            ; 0                 ; 0             ; 0                 ; 0          ; 0          ; 1          ; 0          ; 0            ; 1            ;
; state_c.S2        ; 0            ; 0                 ; 0             ; 0                 ; 0          ; 1          ; 0          ; 0          ; 0            ; 1            ;
; state_c.S3        ; 0            ; 0                 ; 0             ; 0                 ; 1          ; 0          ; 0          ; 0          ; 0            ; 1            ;
; state_c.ROW1_ADDR ; 0            ; 0                 ; 0             ; 1                 ; 0          ; 0          ; 0          ; 0          ; 0            ; 1            ;
; state_c.WRITE     ; 0            ; 0                 ; 1             ; 0                 ; 0          ; 0          ; 0          ; 0          ; 0            ; 1            ;
; state_c.ROW2_ADDR ; 0            ; 1                 ; 0             ; 0                 ; 0          ; 0          ; 0          ; 0          ; 0            ; 1            ;
; state_c.stop      ; 1            ; 0                 ; 0             ; 0                 ; 0          ; 0          ; 0          ; 0          ; 0            ; 1            ;
+-------------------+--------------+-------------------+---------------+-------------------+------------+------------+------------+------------+--------------+--------------+


+----------------------------------------------------------------------------------------------------+
; User-Specified and Inferred Latches                                                                ;
+-----------------------------------------------------+---------------------+------------------------+
; Latch Name                                          ; Latch Enable Signal ; Free of Timing Hazards ;
+-----------------------------------------------------+---------------------+------------------------+
; prev_data2[0]                                       ; state_c.IDLE        ; yes                    ;
; prev_data2[1]                                       ; state_c.IDLE        ; yes                    ;
; prev_data2[2]                                       ; state_c.IDLE        ; yes                    ;
; prev_data2[3]                                       ; state_c.IDLE        ; yes                    ;
; prev_data2[4]                                       ; state_c.IDLE        ; yes                    ;
; prev_data2[5]                                       ; state_c.IDLE        ; yes                    ;
; prev_data2[6]                                       ; state_c.IDLE        ; yes                    ;
; prev_data2[7]                                       ; state_c.IDLE        ; yes                    ;
; prev_data1[0]                                       ; state_c.IDLE        ; yes                    ;
; prev_data1[1]                                       ; state_c.IDLE        ; yes                    ;
; prev_data1[2]                                       ; state_c.IDLE        ; yes                    ;
; prev_data1[3]                                       ; state_c.IDLE        ; yes                    ;
; prev_data1[4]                                       ; state_c.IDLE        ; yes                    ;
; prev_data1[5]                                       ; state_c.IDLE        ; yes                    ;
; prev_data1[6]                                       ; state_c.IDLE        ; yes                    ;
; prev_data1[7]                                       ; state_c.IDLE        ; yes                    ;
; Number of user-specified and inferred latches = 16  ;                     ;                        ;
+-----------------------------------------------------+---------------------+------------------------+
Note: All latches listed above may not be present at the end of synthesis due to various synthesis optimizations.


+---------------------------------------------------------------------------------+
; Registers Removed During Synthesis                                              ;
+----------------------------------------+----------------------------------------+
; Register name                          ; Reason for Removal                     ;
+----------------------------------------+----------------------------------------+
; number_display:number|char1[6,7]       ; Stuck at GND due to stuck port data_in ;
; number_display:number|char1[4,5]       ; Stuck at VCC due to stuck port data_in ;
; number_display:number|char2[6,7]       ; Stuck at GND due to stuck port data_in ;
; number_display:number|char2[4,5]       ; Stuck at VCC due to stuck port data_in ;
; number_display:number|char3[6,7]       ; Stuck at GND due to stuck port data_in ;
; number_display:number|char3[4,5]       ; Stuck at VCC due to stuck port data_in ;
; number_display:number|char4[6,7]       ; Stuck at GND due to stuck port data_in ;
; number_display:number|char4[4,5]       ; Stuck at VCC due to stuck port data_in ;
; number_display:number|char5[6,7]       ; Stuck at GND due to stuck port data_in ;
; number_display:number|char5[4,5]       ; Stuck at VCC due to stuck port data_in ;
; number_display:number|char6[6,7]       ; Stuck at GND due to stuck port data_in ;
; number_display:number|char6[4,5]       ; Stuck at VCC due to stuck port data_in ;
; state_c~13                             ; Lost fanout                            ;
; state_c~14                             ; Lost fanout                            ;
; state_c~15                             ; Lost fanout                            ;
; state_c~16                             ; Lost fanout                            ;
; number_display:number|char4[2]         ; Stuck at GND due to stuck port data_in ;
; number_display:number|char1[2]         ; Stuck at GND due to stuck port data_in ;
; number_display:number|char4[3]         ; Stuck at GND due to stuck port data_in ;
; number_display:number|char1[3]         ; Stuck at GND due to stuck port data_in ;
; Total Number of Removed Registers = 32 ;                                        ;
+----------------------------------------+----------------------------------------+


+------------------------------------------------------+
; General Register Statistics                          ;
+----------------------------------------------+-------+
; Statistic                                    ; Value ;
+----------------------------------------------+-------+
; Total registers                              ; 84    ;
; Number of registers using Synchronous Clear  ; 20    ;
; Number of registers using Synchronous Load   ; 0     ;
; Number of registers using Asynchronous Clear ; 63    ;
; Number of registers using Asynchronous Load  ; 0     ;
; Number of registers using Clock Enable       ; 16    ;
; Number of registers using Preset             ; 0     ;
+----------------------------------------------+-------+


+------------------------------------------------------------------------------------------------------------------------------------------+
; Multiplexer Restructuring Statistics (Restructuring Performed)                                                                           ;
+--------------------+-----------+---------------+----------------------+------------------------+------------+----------------------------+
; Multiplexer Inputs ; Bus Width ; Baseline Area ; Area if Restructured ; Saving if Restructured ; Registered ; Example Multiplexer Output ;
+--------------------+-----------+---------------+----------------------+------------------------+------------+----------------------------+
; 32:1               ; 4 bits    ; 84 LEs        ; 40 LEs               ; 44 LEs                 ; No         ; |lcd|Mux4                  ;
+--------------------+-----------+---------------+----------------------+------------------------+------------+----------------------------+


+----------------------------------------------------------------------------------------+
; Parameter Settings for Inferred Entity Instance: number_display:number|lpm_divide:Mod3 ;
+------------------------+----------------+----------------------------------------------+
; Parameter Name         ; Value          ; Type                                         ;
+------------------------+----------------+----------------------------------------------+
; LPM_WIDTHN             ; 8              ; Untyped                                      ;
; LPM_WIDTHD             ; 4              ; Untyped                                      ;
; LPM_NREPRESENTATION    ; UNSIGNED       ; Untyped                                      ;
; LPM_DREPRESENTATION    ; UNSIGNED       ; Untyped                                      ;
; LPM_PIPELINE           ; 0              ; Untyped                                      ;
; LPM_REMAINDERPOSITIVE  ; TRUE           ; Untyped                                      ;
; MAXIMIZE_SPEED         ; 5              ; Untyped                                      ;
; CBXI_PARAMETER         ; lpm_divide_45m ; Untyped                                      ;
; CARRY_CHAIN            ; MANUAL         ; Untyped                                      ;
; OPTIMIZE_FOR_SPEED     ; 5              ; Untyped                                      ;
; AUTO_CARRY_CHAINS      ; ON             ; AUTO_CARRY                                   ;
; IGNORE_CARRY_BUFFERS   ; OFF            ; IGNORE_CARRY                                 ;
; AUTO_CASCADE_CHAINS    ; ON             ; AUTO_CASCADE                                 ;
; IGNORE_CASCADE_BUFFERS ; OFF            ; IGNORE_CASCADE                               ;
+------------------------+----------------+----------------------------------------------+
Note: In order to hide this table in the UI and the text report file, please set the "Show Parameter Settings in Synthesis Report" option in "Analysis and Synthesis Settings -> More Settings" to "Off".


+----------------------------------------------------------------------------------------+
; Parameter Settings for Inferred Entity Instance: number_display:number|lpm_divide:Div2 ;
+------------------------+----------------+----------------------------------------------+
; Parameter Name         ; Value          ; Type                                         ;
+------------------------+----------------+----------------------------------------------+
; LPM_WIDTHN             ; 8              ; Untyped                                      ;
; LPM_WIDTHD             ; 7              ; Untyped                                      ;
; LPM_NREPRESENTATION    ; UNSIGNED       ; Untyped                                      ;
; LPM_DREPRESENTATION    ; UNSIGNED       ; Untyped                                      ;
; LPM_PIPELINE           ; 0              ; Untyped                                      ;
; LPM_REMAINDERPOSITIVE  ; TRUE           ; Untyped                                      ;
; MAXIMIZE_SPEED         ; 5              ; Untyped                                      ;
; CBXI_PARAMETER         ; lpm_divide_4dm ; Untyped                                      ;
; CARRY_CHAIN            ; MANUAL         ; Untyped                                      ;
; OPTIMIZE_FOR_SPEED     ; 5              ; Untyped                                      ;
; AUTO_CARRY_CHAINS      ; ON             ; AUTO_CARRY                                   ;
; IGNORE_CARRY_BUFFERS   ; OFF            ; IGNORE_CARRY                                 ;
; AUTO_CASCADE_CHAINS    ; ON             ; AUTO_CASCADE                                 ;
; IGNORE_CASCADE_BUFFERS ; OFF            ; IGNORE_CASCADE                               ;
+------------------------+----------------+----------------------------------------------+
Note: In order to hide this table in the UI and the text report file, please set the "Show Parameter Settings in Synthesis Report" option in "Analysis and Synthesis Settings -> More Settings" to "Off".


+----------------------------------------------------------------------------------------+
; Parameter Settings for Inferred Entity Instance: number_display:number|lpm_divide:Mod1 ;
+------------------------+----------------+----------------------------------------------+
; Parameter Name         ; Value          ; Type                                         ;
+------------------------+----------------+----------------------------------------------+
; LPM_WIDTHN             ; 8              ; Untyped                                      ;
; LPM_WIDTHD             ; 4              ; Untyped                                      ;
; LPM_NREPRESENTATION    ; UNSIGNED       ; Untyped                                      ;
; LPM_DREPRESENTATION    ; UNSIGNED       ; Untyped                                      ;
; LPM_PIPELINE           ; 0              ; Untyped                                      ;
; LPM_REMAINDERPOSITIVE  ; TRUE           ; Untyped                                      ;
; MAXIMIZE_SPEED         ; 5              ; Untyped                                      ;
; CBXI_PARAMETER         ; lpm_divide_45m ; Untyped                                      ;
; CARRY_CHAIN            ; MANUAL         ; Untyped                                      ;
; OPTIMIZE_FOR_SPEED     ; 5              ; Untyped                                      ;
; AUTO_CARRY_CHAINS      ; ON             ; AUTO_CARRY                                   ;
; IGNORE_CARRY_BUFFERS   ; OFF            ; IGNORE_CARRY                                 ;
; AUTO_CASCADE_CHAINS    ; ON             ; AUTO_CASCADE                                 ;
; IGNORE_CASCADE_BUFFERS ; OFF            ; IGNORE_CASCADE                               ;
+------------------------+----------------+----------------------------------------------+
Note: In order to hide this table in the UI and the text report file, please set the "Show Parameter Settings in Synthesis Report" option in "Analysis and Synthesis Settings -> More Settings" to "Off".


+----------------------------------------------------------------------------------------+
; Parameter Settings for Inferred Entity Instance: number_display:number|lpm_divide:Div0 ;
+------------------------+----------------+----------------------------------------------+
; Parameter Name         ; Value          ; Type                                         ;
+------------------------+----------------+----------------------------------------------+
; LPM_WIDTHN             ; 8              ; Untyped                                      ;
; LPM_WIDTHD             ; 7              ; Untyped                                      ;
; LPM_NREPRESENTATION    ; UNSIGNED       ; Untyped                                      ;
; LPM_DREPRESENTATION    ; UNSIGNED       ; Untyped                                      ;
; LPM_PIPELINE           ; 0              ; Untyped                                      ;
; LPM_REMAINDERPOSITIVE  ; TRUE           ; Untyped                                      ;
; MAXIMIZE_SPEED         ; 5              ; Untyped                                      ;
; CBXI_PARAMETER         ; lpm_divide_4dm ; Untyped                                      ;
; CARRY_CHAIN            ; MANUAL         ; Untyped                                      ;
; OPTIMIZE_FOR_SPEED     ; 5              ; Untyped                                      ;
; AUTO_CARRY_CHAINS      ; ON             ; AUTO_CARRY                                   ;
; IGNORE_CARRY_BUFFERS   ; OFF            ; IGNORE_CARRY                                 ;
; AUTO_CASCADE_CHAINS    ; ON             ; AUTO_CASCADE                                 ;
; IGNORE_CASCADE_BUFFERS ; OFF            ; IGNORE_CASCADE                               ;
+------------------------+----------------+----------------------------------------------+
Note: In order to hide this table in the UI and the text report file, please set the "Show Parameter Settings in Synthesis Report" option in "Analysis and Synthesis Settings -> More Settings" to "Off".


+----------------------------------------------------------------------------------------+
; Parameter Settings for Inferred Entity Instance: number_display:number|lpm_divide:Mod0 ;
+------------------------+----------------+----------------------------------------------+
; Parameter Name         ; Value          ; Type                                         ;
+------------------------+----------------+----------------------------------------------+
; LPM_WIDTHN             ; 8              ; Untyped                                      ;
; LPM_WIDTHD             ; 7              ; Untyped                                      ;
; LPM_NREPRESENTATION    ; UNSIGNED       ; Untyped                                      ;
; LPM_DREPRESENTATION    ; UNSIGNED       ; Untyped                                      ;
; LPM_PIPELINE           ; 0              ; Untyped                                      ;
; LPM_REMAINDERPOSITIVE  ; TRUE           ; Untyped                                      ;
; MAXIMIZE_SPEED         ; 5              ; Untyped                                      ;
; CBXI_PARAMETER         ; lpm_divide_75m ; Untyped                                      ;
; CARRY_CHAIN            ; MANUAL         ; Untyped                                      ;
; OPTIMIZE_FOR_SPEED     ; 5              ; Untyped                                      ;
; AUTO_CARRY_CHAINS      ; ON             ; AUTO_CARRY                                   ;
; IGNORE_CARRY_BUFFERS   ; OFF            ; IGNORE_CARRY                                 ;
; AUTO_CASCADE_CHAINS    ; ON             ; AUTO_CASCADE                                 ;
; IGNORE_CASCADE_BUFFERS ; OFF            ; IGNORE_CASCADE                               ;
+------------------------+----------------+----------------------------------------------+
Note: In order to hide this table in the UI and the text report file, please set the "Show Parameter Settings in Synthesis Report" option in "Analysis and Synthesis Settings -> More Settings" to "Off".


+----------------------------------------------------------------------------------------+
; Parameter Settings for Inferred Entity Instance: number_display:number|lpm_divide:Div1 ;
+------------------------+----------------+----------------------------------------------+
; Parameter Name         ; Value          ; Type                                         ;
+------------------------+----------------+----------------------------------------------+
; LPM_WIDTHN             ; 7              ; Untyped                                      ;
; LPM_WIDTHD             ; 4              ; Untyped                                      ;
; LPM_NREPRESENTATION    ; UNSIGNED       ; Untyped                                      ;
; LPM_DREPRESENTATION    ; UNSIGNED       ; Untyped                                      ;
; LPM_PIPELINE           ; 0              ; Untyped                                      ;
; LPM_REMAINDERPOSITIVE  ; TRUE           ; Untyped                                      ;
; MAXIMIZE_SPEED         ; 5              ; Untyped                                      ;
; CBXI_PARAMETER         ; lpm_divide_0dm ; Untyped                                      ;
; CARRY_CHAIN            ; MANUAL         ; Untyped                                      ;
; OPTIMIZE_FOR_SPEED     ; 5              ; Untyped                                      ;
; AUTO_CARRY_CHAINS      ; ON             ; AUTO_CARRY                                   ;
; IGNORE_CARRY_BUFFERS   ; OFF            ; IGNORE_CARRY                                 ;
; AUTO_CASCADE_CHAINS    ; ON             ; AUTO_CASCADE                                 ;
; IGNORE_CASCADE_BUFFERS ; OFF            ; IGNORE_CASCADE                               ;
+------------------------+----------------+----------------------------------------------+
Note: In order to hide this table in the UI and the text report file, please set the "Show Parameter Settings in Synthesis Report" option in "Analysis and Synthesis Settings -> More Settings" to "Off".


+----------------------------------------------------------------------------------------+
; Parameter Settings for Inferred Entity Instance: number_display:number|lpm_divide:Mod2 ;
+------------------------+----------------+----------------------------------------------+
; Parameter Name         ; Value          ; Type                                         ;
+------------------------+----------------+----------------------------------------------+
; LPM_WIDTHN             ; 8              ; Untyped                                      ;
; LPM_WIDTHD             ; 7              ; Untyped                                      ;
; LPM_NREPRESENTATION    ; UNSIGNED       ; Untyped                                      ;
; LPM_DREPRESENTATION    ; UNSIGNED       ; Untyped                                      ;
; LPM_PIPELINE           ; 0              ; Untyped                                      ;
; LPM_REMAINDERPOSITIVE  ; TRUE           ; Untyped                                      ;
; MAXIMIZE_SPEED         ; 5              ; Untyped                                      ;
; CBXI_PARAMETER         ; lpm_divide_75m ; Untyped                                      ;
; CARRY_CHAIN            ; MANUAL         ; Untyped                                      ;
; OPTIMIZE_FOR_SPEED     ; 5              ; Untyped                                      ;
; AUTO_CARRY_CHAINS      ; ON             ; AUTO_CARRY                                   ;
; IGNORE_CARRY_BUFFERS   ; OFF            ; IGNORE_CARRY                                 ;
; AUTO_CASCADE_CHAINS    ; ON             ; AUTO_CASCADE                                 ;
; IGNORE_CASCADE_BUFFERS ; OFF            ; IGNORE_CASCADE                               ;
+------------------------+----------------+----------------------------------------------+
Note: In order to hide this table in the UI and the text report file, please set the "Show Parameter Settings in Synthesis Report" option in "Analysis and Synthesis Settings -> More Settings" to "Off".


+----------------------------------------------------------------------------------------+
; Parameter Settings for Inferred Entity Instance: number_display:number|lpm_divide:Div3 ;
+------------------------+----------------+----------------------------------------------+
; Parameter Name         ; Value          ; Type                                         ;
+------------------------+----------------+----------------------------------------------+
; LPM_WIDTHN             ; 7              ; Untyped                                      ;
; LPM_WIDTHD             ; 4              ; Untyped                                      ;
; LPM_NREPRESENTATION    ; UNSIGNED       ; Untyped                                      ;
; LPM_DREPRESENTATION    ; UNSIGNED       ; Untyped                                      ;
; LPM_PIPELINE           ; 0              ; Untyped                                      ;
; LPM_REMAINDERPOSITIVE  ; TRUE           ; Untyped                                      ;
; MAXIMIZE_SPEED         ; 5              ; Untyped                                      ;
; CBXI_PARAMETER         ; lpm_divide_0dm ; Untyped                                      ;
; CARRY_CHAIN            ; MANUAL         ; Untyped                                      ;
; OPTIMIZE_FOR_SPEED     ; 5              ; Untyped                                      ;
; AUTO_CARRY_CHAINS      ; ON             ; AUTO_CARRY                                   ;
; IGNORE_CARRY_BUFFERS   ; OFF            ; IGNORE_CARRY                                 ;
; AUTO_CASCADE_CHAINS    ; ON             ; AUTO_CASCADE                                 ;
; IGNORE_CASCADE_BUFFERS ; OFF            ; IGNORE_CASCADE                               ;
+------------------------+----------------+----------------------------------------------+
Note: In order to hide this table in the UI and the text report file, please set the "Show Parameter Settings in Synthesis Report" option in "Analysis and Synthesis Settings -> More Settings" to "Off".


+-------------------------------+
; Elapsed Time Per Partition    ;
+----------------+--------------+
; Partition Name ; Elapsed Time ;
+----------------+--------------+
; Top            ; 00:00:01     ;
+----------------+--------------+


+-------------------------------+
; Analysis & Synthesis Messages ;
+-------------------------------+
Info: *******************************************************************
Info: Running Quartus II 64-Bit Analysis & Synthesis
    Info: Version 13.0.1 Build 232 06/12/2013 Service Pack 1 SJ Web Edition
    Info: Processing started: Wed May 15 11:17:33 2024
Info: Command: quartus_map --read_settings_files=on --write_settings_files=off lcd -c lcd
Warning (20028): Parallel compilation is not licensed and has been disabled
Info (12021): Found 1 design units, including 1 entities, in source file lcd.v
    Info (12023): Found entity 1: lcd
Info (12021): Found 1 design units, including 1 entities, in source file number_display.v
    Info (12023): Found entity 1: number_display
Info (12127): Elaborating entity "lcd" for the top level hierarchy
Warning (10240): Verilog HDL Always Construct warning at lcd.v(141): inferring latch(es) for variable "prev_data1", which holds its previous value in one or more paths through the always construct
Warning (10240): Verilog HDL Always Construct warning at lcd.v(141): inferring latch(es) for variable "prev_data2", which holds its previous value in one or more paths through the always construct
Info (10041): Inferred latch for "prev_data2[0]" at lcd.v(141)
Info (10041): Inferred latch for "prev_data2[1]" at lcd.v(141)
Info (10041): Inferred latch for "prev_data2[2]" at lcd.v(141)
Info (10041): Inferred latch for "prev_data2[3]" at lcd.v(141)
Info (10041): Inferred latch for "prev_data2[4]" at lcd.v(141)
Info (10041): Inferred latch for "prev_data2[5]" at lcd.v(141)
Info (10041): Inferred latch for "prev_data2[6]" at lcd.v(141)
Info (10041): Inferred latch for "prev_data2[7]" at lcd.v(141)
Info (10041): Inferred latch for "prev_data1[0]" at lcd.v(141)
Info (10041): Inferred latch for "prev_data1[1]" at lcd.v(141)
Info (10041): Inferred latch for "prev_data1[2]" at lcd.v(141)
Info (10041): Inferred latch for "prev_data1[3]" at lcd.v(141)
Info (10041): Inferred latch for "prev_data1[4]" at lcd.v(141)
Info (10041): Inferred latch for "prev_data1[5]" at lcd.v(141)
Info (10041): Inferred latch for "prev_data1[6]" at lcd.v(141)
Info (10041): Inferred latch for "prev_data1[7]" at lcd.v(141)
Info (12128): Elaborating entity "number_display" for hierarchy "number_display:number"
Warning (10230): Verilog HDL assignment warning at number_display.v(15): truncated value with size 32 to match size of target (4)
Warning (10230): Verilog HDL assignment warning at number_display.v(32): truncated value with size 32 to match size of target (4)
Warning (10230): Verilog HDL assignment warning at number_display.v(49): truncated value with size 32 to match size of target (4)
Warning (10230): Verilog HDL assignment warning at number_display.v(66): truncated value with size 32 to match size of target (4)
Warning (10230): Verilog HDL assignment warning at number_display.v(83): truncated value with size 32 to match size of target (4)
Warning (10230): Verilog HDL assignment warning at number_display.v(100): truncated value with size 32 to match size of target (4)
Info (278001): Inferred 8 megafunctions from design logic
    Info (278004): Inferred divider/modulo megafunction ("lpm_divide") from the following logic: "number_display:number|Mod3"
    Info (278004): Inferred divider/modulo megafunction ("lpm_divide") from the following logic: "number_display:number|Div2"
    Info (278004): Inferred divider/modulo megafunction ("lpm_divide") from the following logic: "number_display:number|Mod1"
    Info (278004): Inferred divider/modulo megafunction ("lpm_divide") from the following logic: "number_display:number|Div0"
    Info (278004): Inferred divider/modulo megafunction ("lpm_divide") from the following logic: "number_display:number|Mod0"
    Info (278004): Inferred divider/modulo megafunction ("lpm_divide") from the following logic: "number_display:number|Div1"
    Info (278004): Inferred divider/modulo megafunction ("lpm_divide") from the following logic: "number_display:number|Mod2"
    Info (278004): Inferred divider/modulo megafunction ("lpm_divide") from the following logic: "number_display:number|Div3"
Info (12130): Elaborated megafunction instantiation "number_display:number|lpm_divide:Mod3"
Info (12133): Instantiated megafunction "number_display:number|lpm_divide:Mod3" with the following parameter:
    Info (12134): Parameter "LPM_WIDTHN" = "8"
    Info (12134): Parameter "LPM_WIDTHD" = "4"
    Info (12134): Parameter "LPM_NREPRESENTATION" = "UNSIGNED"
    Info (12134): Parameter "LPM_DREPRESENTATION" = "UNSIGNED"
Info (12021): Found 1 design units, including 1 entities, in source file db/lpm_divide_45m.tdf
    Info (12023): Found entity 1: lpm_divide_45m
Info (12021): Found 1 design units, including 1 entities, in source file db/sign_div_unsign_bkh.tdf
    Info (12023): Found entity 1: sign_div_unsign_bkh
Info (12021): Found 1 design units, including 1 entities, in source file db/alt_u_div_ove.tdf
    Info (12023): Found entity 1: alt_u_div_ove
Info (12021): Found 1 design units, including 1 entities, in source file db/add_sub_lkc.tdf
    Info (12023): Found entity 1: add_sub_lkc
Info (12021): Found 1 design units, including 1 entities, in source file db/add_sub_mkc.tdf
    Info (12023): Found entity 1: add_sub_mkc
Info (12130): Elaborated megafunction instantiation "number_display:number|lpm_divide:Div2"
Info (12133): Instantiated megafunction "number_display:number|lpm_divide:Div2" with the following parameter:
    Info (12134): Parameter "LPM_WIDTHN" = "8"
    Info (12134): Parameter "LPM_WIDTHD" = "7"
    Info (12134): Parameter "LPM_NREPRESENTATION" = "UNSIGNED"
    Info (12134): Parameter "LPM_DREPRESENTATION" = "UNSIGNED"
Info (12021): Found 1 design units, including 1 entities, in source file db/lpm_divide_4dm.tdf
    Info (12023): Found entity 1: lpm_divide_4dm
Info (12021): Found 1 design units, including 1 entities, in source file db/sign_div_unsign_ekh.tdf
    Info (12023): Found entity 1: sign_div_unsign_ekh
Info (12021): Found 1 design units, including 1 entities, in source file db/alt_u_div_uve.tdf
    Info (12023): Found entity 1: alt_u_div_uve
Info (12130): Elaborated megafunction instantiation "number_display:number|lpm_divide:Mod0"
Info (12133): Instantiated megafunction "number_display:number|lpm_divide:Mod0" with the following parameter:
    Info (12134): Parameter "LPM_WIDTHN" = "8"
    Info (12134): Parameter "LPM_WIDTHD" = "7"
    Info (12134): Parameter "LPM_NREPRESENTATION" = "UNSIGNED"
    Info (12134): Parameter "LPM_DREPRESENTATION" = "UNSIGNED"
Info (12021): Found 1 design units, including 1 entities, in source file db/lpm_divide_75m.tdf
    Info (12023): Found entity 1: lpm_divide_75m
Info (12130): Elaborated megafunction instantiation "number_display:number|lpm_divide:Div1"
Info (12133): Instantiated megafunction "number_display:number|lpm_divide:Div1" with the following parameter:
    Info (12134): Parameter "LPM_WIDTHN" = "7"
    Info (12134): Parameter "LPM_WIDTHD" = "4"
    Info (12134): Parameter "LPM_NREPRESENTATION" = "UNSIGNED"
    Info (12134): Parameter "LPM_DREPRESENTATION" = "UNSIGNED"
Info (12021): Found 1 design units, including 1 entities, in source file db/lpm_divide_0dm.tdf
    Info (12023): Found entity 1: lpm_divide_0dm
Info (12021): Found 1 design units, including 1 entities, in source file db/sign_div_unsign_akh.tdf
    Info (12023): Found entity 1: sign_div_unsign_akh
Info (12021): Found 1 design units, including 1 entities, in source file db/alt_u_div_mve.tdf
    Info (12023): Found entity 1: alt_u_div_mve
Warning (13024): Output pins are stuck at VCC or GND
    Warning (13410): Pin "lcd_on" is stuck at VCC
    Warning (13410): Pin "lcd_rw" is stuck at GND
Info (17049): 4 registers lost all their fanouts during netlist optimizations.
Info (16010): Generating hard_block partition "hard_block:auto_generated_inst"
    Info (16011): Adding 0 node(s), including 0 DDIO, 0 PLL, 0 transceiver and 0 LCELL
Info (21057): Implemented 523 device resources after synthesis - the final resource count might be different
    Info (21058): Implemented 18 input pins
    Info (21059): Implemented 12 output pins
    Info (21061): Implemented 493 logic cells
Info: Quartus II 64-Bit Analysis & Synthesis was successful. 0 errors, 12 warnings
    Info: Peak virtual memory: 4621 megabytes
    Info: Processing ended: Wed May 15 11:17:36 2024
    Info: Elapsed time: 00:00:03
    Info: Total CPU time (on all processors): 00:00:02


