Flow report for speed_module
Thu May 16 15:46:18 2024
Quartus II 64-Bit Version 13.0.1 Build 232 06/12/2013 Service Pack 1 SJ Web Edition


---------------------
; Table of Contents ;
---------------------
  1. Legal Notice
  2. Flow Summary
  3. Flow Settings
  4. Flow Non-Default Global Settings
  5. Flow Elapsed Time
  6. Flow OS Summary
  7. Flow Log
  8. Flow Messages
  9. Flow Suppressed Messages



----------------
; Legal Notice ;
----------------
Copyright (C) 1991-2013 Altera Corporation
Your use of Altera Corporation's design tools, logic functions 
and other software and tools, and its AMPP partner logic 
functions, and any output files from any of the foregoing 
(including device programming or simulation files), and any 
associated documentation or information are expressly subject 
to the terms and conditions of the Altera Program License 
Subscription Agreement, Altera MegaCore Function License 
Agreement, or other applicable license agreement, including, 
without limitation, that your use is for the sole purpose of 
programming logic devices manufactured by Altera and sold by 
Altera or its authorized distributors.  Please refer to the 
applicable agreement for further details.



+--------------------------------------------------------------------------------------+
; Flow Summary                                                                         ;
+------------------------------------+-------------------------------------------------+
; Flow Status                        ; Successful - Thu May 16 15:46:18 2024           ;
; Quartus II 64-Bit Version          ; 13.0.1 Build 232 06/12/2013 SP 1 SJ Web Edition ;
; Revision Name                      ; speed_module                                    ;
; Top-level Entity Name              ; top                                             ;
; Family                             ; Cyclone II                                      ;
; Device                             ; EP2C35F672C6                                    ;
; Timing Models                      ; Final                                           ;
; Total logic elements               ; 12,430 / 33,216 ( 37 % )                        ;
;     Total combinational functions  ; 9,788 / 33,216 ( 29 % )                         ;
;     Dedicated logic registers      ; 6,457 / 33,216 ( 19 % )                         ;
; Total registers                    ; 6457                                            ;
; Total pins                         ; 15 / 475 ( 3 % )                                ;
; Total virtual pins                 ; 0                                               ;
; Total memory bits                  ; 0 / 483,840 ( 0 % )                             ;
; Embedded Multiplier 9-bit elements ; 0 / 70 ( 0 % )                                  ;
; Total PLLs                         ; 0 / 4 ( 0 % )                                   ;
+------------------------------------+-------------------------------------------------+


+-----------------------------------------+
; Flow Settings                           ;
+-------------------+---------------------+
; Option            ; Setting             ;
+-------------------+---------------------+
; Start date & time ; 05/16/2024 15:44:54 ;
; Main task         ; Compilation         ;
; Revision Name     ; speed_module        ;
+-------------------+---------------------+


+------------------------------------------------------------------------------------------------------------------------------+
; Flow Non-Default Global Settings                                                                                             ;
+--------------------------------------+---------------------------------------+---------------+-------------+-----------------+
; Assignment Name                      ; Value                                 ; Default Value ; Entity Name ; Section Id      ;
+--------------------------------------+---------------------------------------+---------------+-------------+-----------------+
; COMPILER_SIGNATURE_ID                ; 2546396228739.171584909305972         ; --            ; --          ; --              ;
; EDA_DESIGN_INSTANCE_NAME             ; NA                                    ; --            ; --          ; speed_tb        ;
; EDA_DESIGN_INSTANCE_NAME             ; NA                                    ; --            ; --          ; speed_module_tb ;
; EDA_DESIGN_INSTANCE_NAME             ; NA                                    ; --            ; --          ; top_tb          ;
; EDA_NATIVELINK_SIMULATION_TEST_BENCH ; speed_module_tb                       ; --            ; --          ; eda_simulation  ;
; EDA_OUTPUT_DATA_FORMAT               ; Vhdl                                  ; --            ; --          ; eda_simulation  ;
; EDA_SIMULATION_TOOL                  ; ModelSim-Altera (VHDL)                ; <None>        ; --          ; --              ;
; EDA_TEST_BENCH_ENABLE_STATUS         ; TEST_BENCH_MODE                       ; --            ; --          ; eda_simulation  ;
; EDA_TEST_BENCH_FILE                  ; speed_tb.v                            ; --            ; --          ; speed_tb        ;
; EDA_TEST_BENCH_FILE                  ; speed_module_tb.v                     ; --            ; --          ; speed_module_tb ;
; EDA_TEST_BENCH_FILE                  ; top_tb.v                              ; --            ; --          ; top_tb          ;
; EDA_TEST_BENCH_MODULE_NAME           ; speed_tb                              ; --            ; --          ; speed_tb        ;
; EDA_TEST_BENCH_MODULE_NAME           ; speed_module_tb                       ; --            ; --          ; speed_module_tb ;
; EDA_TEST_BENCH_MODULE_NAME           ; top_tb                                ; --            ; --          ; top_tb          ;
; EDA_TEST_BENCH_NAME                  ; speed_tb                              ; --            ; --          ; eda_simulation  ;
; EDA_TEST_BENCH_NAME                  ; speed_module_tb                       ; --            ; --          ; eda_simulation  ;
; EDA_TEST_BENCH_NAME                  ; top_tb                                ; --            ; --          ; eda_simulation  ;
; MAX_CORE_JUNCTION_TEMP               ; 85                                    ; --            ; --          ; --              ;
; MIN_CORE_JUNCTION_TEMP               ; 0                                     ; --            ; --          ; --              ;
; PARTITION_COLOR                      ; 16764057                              ; --            ; top         ; Top             ;
; PARTITION_FITTER_PRESERVATION_LEVEL  ; PLACEMENT_AND_ROUTING                 ; --            ; top         ; Top             ;
; PARTITION_NETLIST_TYPE               ; SOURCE                                ; --            ; top         ; Top             ;
; POWER_BOARD_THERMAL_MODEL            ; None (CONSERVATIVE)                   ; --            ; --          ; --              ;
; POWER_PRESET_COOLING_SOLUTION        ; 23 MM HEAT SINK WITH 200 LFPM AIRFLOW ; --            ; --          ; --              ;
; PROJECT_OUTPUT_DIRECTORY             ; output_files                          ; --            ; --          ; --              ;
; TOP_LEVEL_ENTITY                     ; top                                   ; speed_module  ; --          ; --              ;
+--------------------------------------+---------------------------------------+---------------+-------------+-----------------+


+-------------------------------------------------------------------------------------------------------------------------------+
; Flow Elapsed Time                                                                                                             ;
+---------------------------+--------------+-------------------------+---------------------+------------------------------------+
; Module Name               ; Elapsed Time ; Average Processors Used ; Peak Virtual Memory ; Total CPU Time (on all processors) ;
+---------------------------+--------------+-------------------------+---------------------+------------------------------------+
; Analysis & Synthesis      ; 00:00:16     ; 1.0                     ; 4645 MB             ; 00:00:15                           ;
; Fitter                    ; 00:00:54     ; 2.1                     ; 5936 MB             ; 00:00:51                           ;
; Assembler                 ; 00:00:01     ; 1.0                     ; 4609 MB             ; 00:00:02                           ;
; TimeQuest Timing Analyzer ; 00:00:03     ; 1.0                     ; 4778 MB             ; 00:00:03                           ;
; EDA Netlist Writer        ; 00:00:04     ; 1.0                     ; 4666 MB             ; 00:00:04                           ;
; Total                     ; 00:01:18     ; --                      ; --                  ; 00:01:15                           ;
+---------------------------+--------------+-------------------------+---------------------+------------------------------------+


+----------------------------------------------------------------------------------------+
; Flow OS Summary                                                                        ;
+---------------------------+------------------+-----------+------------+----------------+
; Module Name               ; Machine Hostname ; OS Name   ; OS Version ; Processor type ;
+---------------------------+------------------+-----------+------------+----------------+
; Analysis & Synthesis      ; MSI              ; Windows 7 ; 6.2        ; x86_64         ;
; Fitter                    ; MSI              ; Windows 7 ; 6.2        ; x86_64         ;
; Assembler                 ; MSI              ; Windows 7 ; 6.2        ; x86_64         ;
; TimeQuest Timing Analyzer ; MSI              ; Windows 7 ; 6.2        ; x86_64         ;
; EDA Netlist Writer        ; MSI              ; Windows 7 ; 6.2        ; x86_64         ;
+---------------------------+------------------+-----------+------------+----------------+


------------
; Flow Log ;
------------
quartus_map --read_settings_files=on --write_settings_files=off speed_module -c speed_module
quartus_fit --read_settings_files=off --write_settings_files=off speed_module -c speed_module
quartus_asm --read_settings_files=off --write_settings_files=off speed_module -c speed_module
quartus_sta speed_module -c speed_module
quartus_eda --read_settings_files=off --write_settings_files=off speed_module -c speed_module



